<?xml version="1.0" encoding="UTF-8"?>
<testng-results skipped="0" failed="1" total="3" passed="2">
  <reporter-output>
  </reporter-output>
  <suite name="Default suite" duration-ms="2191" started-at="2016-01-31T13:24:05Z" finished-at="2016-01-31T13:24:07Z">
    <groups>
    </groups>
    <test name="Default test" duration-ms="2191" started-at="2016-01-31T13:24:05Z" finished-at="2016-01-31T13:24:07Z">
      <class name="firsttestngpackage.FirstTestNGFile">
        <test-method status="PASS" signature="OdpalFF()[pri:0, instance:firsttestngpackage.FirstTestNGFile@dde457]" name="OdpalFF" is-config="true" duration-ms="1982" started-at="2016-01-31T14:24:05Z" finished-at="2016-01-31T14:24:07Z">
          <reporter-output>
          </reporter-output>
        </test-method> <!-- OdpalFF -->
        <test-method status="PASS" signature="kazdy()[pri:0, instance:firsttestngpackage.FirstTestNGFile@dde457]" name="kazdy" is-config="true" duration-ms="2" started-at="2016-01-31T14:24:07Z" finished-at="2016-01-31T14:24:07Z">
          <reporter-output>
          </reporter-output>
        </test-method> <!-- kazdy -->
        <test-method status="PASS" signature="a()[pri:0, instance:firsttestngpackage.FirstTestNGFile@dde457]" name="a" duration-ms="14" started-at="2016-01-31T14:24:07Z" finished-at="2016-01-31T14:24:07Z">
          <reporter-output>
          </reporter-output>
        </test-method> <!-- a -->
        <test-method status="PASS" signature="b()[pri:0, instance:firsttestngpackage.FirstTestNGFile@dde457]" name="b" duration-ms="11" started-at="2016-01-31T14:24:07Z" finished-at="2016-01-31T14:24:07Z">
          <reporter-output>
          </reporter-output>
        </test-method> <!-- b -->
        <test-method status="PASS" signature="kazdy()[pri:0, instance:firsttestngpackage.FirstTestNGFile@dde457]" name="kazdy" is-config="true" duration-ms="0" started-at="2016-01-31T14:24:07Z" finished-at="2016-01-31T14:24:07Z">
          <reporter-output>
          </reporter-output>
        </test-method> <!-- kazdy -->
        <test-method status="FAIL" signature="c()[pri:0, instance:firsttestngpackage.FirstTestNGFile@dde457]" name="c" duration-ms="61" started-at="2016-01-31T14:24:07Z" finished-at="2016-01-31T14:24:07Z">
          <exception class="org.openqa.selenium.NoSuchElementException">
            <message>
              <![CDATA[Unable to locate element: {"method":"xpath","selector":"html/body/div/table/tbody/tr/td[2]/table/tbody/tr[2]/td/table/tbody/tr/td[1]/bbb"}
Command duration or timeout: 20 milliseconds
For documentation on this error, please visit: http://seleniumhq.org/exceptions/no_such_element.html
Build info: version: '2.49.0', revision: '365eeb4', time: '2016-01-13 18:33:29'
System info: host: 'karolubu-System-Product-Name', ip: '127.0.1.1', os.name: 'Linux', os.arch: 'i386', os.version: '3.19.0-47-generic', java.version: '1.7.0_91'
*** Element info: {Using=xpath, value=html/body/div/table/tbody/tr/td[2]/table/tbody/tr[2]/td/table/tbody/tr/td[1]/bbb}
Session ID: 9be81387-cbe2-4b60-8c45-ab419df5c29e
Driver info: org.openqa.selenium.firefox.FirefoxDriver
Capabilities [{platform=LINUX, acceptSslCerts=true, javascriptEnabled=true, cssSelectorsEnabled=true, databaseEnabled=true, browserName=firefox, handlesAlerts=true, nativeEvents=false, webStorageEnabled=true, rotatable=false, locationContextEnabled=true, applicationCacheEnabled=true, takesScreenshot=true, version=43.0.4}]]]>
            </message>
            <full-stacktrace>
              <![CDATA[org.openqa.selenium.NoSuchElementException: Unable to locate element: {"method":"xpath","selector":"html/body/div/table/tbody/tr/td[2]/table/tbody/tr[2]/td/table/tbody/tr/td[1]/bbb"}
Command duration or timeout: 20 milliseconds
For documentation on this error, please visit: http://seleniumhq.org/exceptions/no_such_element.html
Build info: version: '2.49.0', revision: '365eeb4', time: '2016-01-13 18:33:29'
System info: host: 'karolubu-System-Product-Name', ip: '127.0.1.1', os.name: 'Linux', os.arch: 'i386', os.version: '3.19.0-47-generic', java.version: '1.7.0_91'
*** Element info: {Using=xpath, value=html/body/div/table/tbody/tr/td[2]/table/tbody/tr[2]/td/table/tbody/tr/td[1]/bbb}
Session ID: 9be81387-cbe2-4b60-8c45-ab419df5c29e
Driver info: org.openqa.selenium.firefox.FirefoxDriver
Capabilities [{platform=LINUX, acceptSslCerts=true, javascriptEnabled=true, cssSelectorsEnabled=true, databaseEnabled=true, browserName=firefox, handlesAlerts=true, nativeEvents=false, webStorageEnabled=true, rotatable=false, locationContextEnabled=true, applicationCacheEnabled=true, takesScreenshot=true, version=43.0.4}]
	at sun.reflect.NativeConstructorAccessorImpl.newInstance0(Native Method)
	at sun.reflect.NativeConstructorAccessorImpl.newInstance(NativeConstructorAccessorImpl.java:57)
	at sun.reflect.DelegatingConstructorAccessorImpl.newInstance(DelegatingConstructorAccessorImpl.java:45)
	at java.lang.reflect.Constructor.newInstance(Constructor.java:526)
	at org.openqa.selenium.remote.ErrorHandler.createThrowable(ErrorHandler.java:206)
	at org.openqa.selenium.remote.ErrorHandler.throwIfResponseFailed(ErrorHandler.java:158)
	at org.openqa.selenium.remote.RemoteWebDriver.execute(RemoteWebDriver.java:678)
	at org.openqa.selenium.remote.RemoteWebDriver.findElement(RemoteWebDriver.java:363)
	at org.openqa.selenium.remote.RemoteWebDriver.findElementByXPath(RemoteWebDriver.java:500)
	at org.openqa.selenium.By$ByXPath.findElement(By.java:361)
	at org.openqa.selenium.remote.RemoteWebDriver.findElement(RemoteWebDriver.java:355)
	at firsttestngpackage.FirstTestNGFile.c(FirstTestNGFile.java:54)
	at sun.reflect.NativeMethodAccessorImpl.invoke0(Native Method)
	at sun.reflect.NativeMethodAccessorImpl.invoke(NativeMethodAccessorImpl.java:57)
	at sun.reflect.DelegatingMethodAccessorImpl.invoke(DelegatingMethodAccessorImpl.java:43)
	at java.lang.reflect.Method.invoke(Method.java:606)
	at org.testng.internal.MethodInvocationHelper.invokeMethod(MethodInvocationHelper.java:86)
	at org.testng.internal.Invoker.invokeMethod(Invoker.java:645)
	at org.testng.internal.Invoker.invokeTestMethod(Invoker.java:822)
	at org.testng.internal.Invoker.invokeTestMethods(Invoker.java:1130)
	at org.testng.internal.TestMethodWorker.invokeTestMethods(TestMethodWorker.java:129)
	at org.testng.internal.TestMethodWorker.run(TestMethodWorker.java:112)
	at org.testng.TestRunner.privateRun(TestRunner.java:782)
	at org.testng.TestRunner.run(TestRunner.java:632)
	at org.testng.SuiteRunner.runTest(SuiteRunner.java:366)
	at org.testng.SuiteRunner.runSequentially(SuiteRunner.java:361)
	at org.testng.SuiteRunner.privateRun(SuiteRunner.java:319)
	at org.testng.SuiteRunner.run(SuiteRunner.java:268)
	at org.testng.SuiteRunnerWorker.runSuite(SuiteRunnerWorker.java:52)
	at org.testng.SuiteRunnerWorker.run(SuiteRunnerWorker.java:86)
	at org.testng.TestNG.runSuitesSequentially(TestNG.java:1244)
	at org.testng.TestNG.runSuitesLocally(TestNG.java:1169)
	at org.testng.TestNG.run(TestNG.java:1064)
	at org.testng.remote.RemoteTestNG.run(RemoteTestNG.java:113)
	at org.testng.remote.RemoteTestNG.initAndRun(RemoteTestNG.java:206)
	at org.testng.remote.RemoteTestNG.main(RemoteTestNG.java:177)
Caused by: org.openqa.selenium.NoSuchElementException: Unable to locate element: {"method":"xpath","selector":"html/body/div/table/tbody/tr/td[2]/table/tbody/tr[2]/td/table/tbody/tr/td[1]/bbb"}
For documentation on this error, please visit: http://seleniumhq.org/exceptions/no_such_element.html
Build info: version: '2.49.0', revision: '365eeb4', time: '2016-01-13 18:33:29'
System info: host: 'karolubu-System-Product-Name', ip: '127.0.1.1', os.name: 'Linux', os.arch: 'i386', os.version: '3.19.0-47-generic', java.version: '1.7.0_91'
Driver info: driver.version: unknown
	at <anonymous class>.FirefoxDriver.prototype.findElementInternal_(file:///tmp/anonymous3686374511771142279webdriver-profile/extensions/fxdriver@googlecode.com/components/driver-component.js:10675)
	at <anonymous class>.FirefoxDriver.prototype.findElement(file:///tmp/anonymous3686374511771142279webdriver-profile/extensions/fxdriver@googlecode.com/components/driver-component.js:10684)
	at <anonymous class>.DelayedCommand.prototype.executeInternal_/h(file:///tmp/anonymous3686374511771142279webdriver-profile/extensions/fxdriver@googlecode.com/components/command-processor.js:12551)
	at <anonymous class>.DelayedCommand.prototype.executeInternal_(file:///tmp/anonymous3686374511771142279webdriver-profile/extensions/fxdriver@googlecode.com/components/command-processor.js:12556)
	at <anonymous class>.DelayedCommand.prototype.execute/<(file:///tmp/anonymous3686374511771142279webdriver-profile/extensions/fxdriver@googlecode.com/components/command-processor.js:12498)
]]>
            </full-stacktrace>
          </exception> <!-- org.openqa.selenium.NoSuchElementException -->
          <reporter-output>
          </reporter-output>
        </test-method> <!-- c -->
        <test-method status="PASS" signature="kazdy()[pri:0, instance:firsttestngpackage.FirstTestNGFile@dde457]" name="kazdy" is-config="true" duration-ms="0" started-at="2016-01-31T14:24:07Z" finished-at="2016-01-31T14:24:07Z">
          <reporter-output>
          </reporter-output>
        </test-method> <!-- kazdy -->
        <test-method status="PASS" signature="TerminateBrowser()[pri:0, instance:firsttestngpackage.FirstTestNGFile@dde457]" name="TerminateBrowser" is-config="true" duration-ms="72" started-at="2016-01-31T14:24:07Z" finished-at="2016-01-31T14:24:07Z">
          <reporter-output>
          </reporter-output>
        </test-method> <!-- TerminateBrowser -->
      </class> <!-- firsttestngpackage.FirstTestNGFile -->
    </test> <!-- Default test -->
  </suite> <!-- Default suite -->
</testng-results>
